<?xml version="1.0" encoding="UTF-8"?>
<testsuite name="common.SortingToolStage1Test" tests="1" skipped="0" failures="0" errors="0" timestamp="2022-12-07T19:33:14" hostname="DESKTOP-JA25RKB" time="0.42">
  <properties/>
  <testcase name="start" classname="common.SortingToolStage1Test" time="0.42"/>
  <system-out><![CDATA[?[1;31m
Start test 1?[0m
> 1 -2   33 4
> 42
> 1                 1
Total numbers: 7.
The greatest number: 42 (1 time(s)).
?[1;31m
Start test 2?[0m
> 1 2 2 3 4 5 5
Total numbers: 7.
The greatest number: 5 (2 time(s)).
?[1;31m
Start test 3?[0m
> 1 1 2 2 3 4 4 4
Total numbers: 8.
The greatest number: 4 (3 time(s)).
]]></system-out>
  <system-err><![CDATA[]]></system-err>
</testsuite>
